<?xml version="1.0" encoding="UTF-8" standalone="yes"?><!DOCTYPE report PUBLIC "-//JACOCO//DTD Report 1.1//EN" "report.dtd"><report name="KP Commons :: Services :: DNB Lookup"><sessioninfo id="serenity.kaiserpfalz-edv.de-fbd0f4eb" start="1708216701444" dump="1708216708839"/><sessioninfo id="serenity.kaiserpfalz-edv.de-4140827e" start="1708217524806" dump="1708217531862"/><package name="de/kaiserpfalzedv/services/dnb/marcxml/model"><class name="de/kaiserpfalzedv/services/dnb/marcxml/model/XQuery" sourcefilename="XQuery.java"/><class name="de/kaiserpfalzedv/services/dnb/marcxml/model/Record$RecordBuilderImpl" sourcefilename="Record.java"/><class name="de/kaiserpfalzedv/services/dnb/marcxml/model/ControlField$ControlFieldBuilder" sourcefilename="ControlField.java"/><class name="de/kaiserpfalzedv/services/dnb/marcxml/model/DataField$DataFieldBuilder" sourcefilename="DataField.java"/><class name="de/kaiserpfalzedv/services/dnb/marcxml/model/Record$RecordBuilder" sourcefilename="Record.java"/><class name="de/kaiserpfalzedv/services/dnb/marcxml/model/DataField" sourcefilename="DataField.java"/><class name="de/kaiserpfalzedv/services/dnb/marcxml/model/RecordData$RecordDataBuilderImpl" sourcefilename="RecordData.java"/><class name="de/kaiserpfalzedv/services/dnb/marcxml/model/ControlField" sourcefilename="ControlField.java"/><class name="de/kaiserpfalzedv/services/dnb/marcxml/model/SearchRetrieveRequest$SearchRetrieveRequestBuilder" sourcefilename="SearchRetrieveRequest.java"/><class name="de/kaiserpfalzedv/services/dnb/marcxml/model/SearchRetrieveRequest" sourcefilename="SearchRetrieveRequest.java"/><class name="de/kaiserpfalzedv/services/dnb/marcxml/model/XQuery$XQueryBuilderImpl" sourcefilename="XQuery.java"/><class name="de/kaiserpfalzedv/services/dnb/marcxml/model/Marc21Record$Marc21RecordBuilderImpl" sourcefilename="Marc21Record.java"/><class name="de/kaiserpfalzedv/services/dnb/marcxml/model/SubField" sourcefilename="SubField.java"/><class name="de/kaiserpfalzedv/services/dnb/marcxml/model/RecordData$RecordDataBuilder" sourcefilename="RecordData.java"/><class name="de/kaiserpfalzedv/services/dnb/marcxml/model/DataField$DataFieldBuilderImpl" sourcefilename="DataField.java"/><class name="de/kaiserpfalzedv/services/dnb/marcxml/model/XQuery$XQueryBuilder" sourcefilename="XQuery.java"/><class name="de/kaiserpfalzedv/services/dnb/marcxml/model/RecordData" sourcefilename="RecordData.java"/><class name="de/kaiserpfalzedv/services/dnb/marcxml/model/Marc21Record$Marc21RecordBuilder" sourcefilename="Marc21Record.java"/><class name="de/kaiserpfalzedv/services/dnb/marcxml/model/SearchRetrieveResponse$SearchRetrieveResponseBuilderImpl" sourcefilename="SearchRetrieveResponse.java"/><class name="de/kaiserpfalzedv/services/dnb/marcxml/model/SubField$SubFieldBuilder" sourcefilename="SubField.java"/><class name="de/kaiserpfalzedv/services/dnb/marcxml/model/SearchRetrieveResponse$SearchRetrieveResponseBuilder" sourcefilename="SearchRetrieveResponse.java"/><class name="de/kaiserpfalzedv/services/dnb/marcxml/model/ControlField$ControlFieldBuilderImpl" sourcefilename="ControlField.java"/><class name="de/kaiserpfalzedv/services/dnb/marcxml/model/SubField$SubFieldBuilderImpl" sourcefilename="SubField.java"/><class name="de/kaiserpfalzedv/services/dnb/marcxml/model/Marc21Record" sourcefilename="Marc21Record.java"/><class name="de/kaiserpfalzedv/services/dnb/marcxml/model/SearchRetrieveResponse" sourcefilename="SearchRetrieveResponse.java"/><class name="de/kaiserpfalzedv/services/dnb/marcxml/model/Record" sourcefilename="Record.java"/><class name="de/kaiserpfalzedv/services/dnb/marcxml/model/SearchRetrieveRequest$SearchRetrieveRequestBuilderImpl" sourcefilename="SearchRetrieveRequest.java"/><sourcefile name="SearchRetrieveRequest.java"/><sourcefile name="DataField.java"/><sourcefile name="Record.java"/><sourcefile name="ControlField.java"/><sourcefile name="XQuery.java"/><sourcefile name="Marc21Record.java"/><sourcefile name="SubField.java"/><sourcefile name="SearchRetrieveResponse.java"/><sourcefile name="RecordData.java"/></package><package name="de/kaiserpfalzedv/services/dnb/marcxml"><class name="de/kaiserpfalzedv/services/dnb/marcxml/LibraryLookupMarc21MappingException" sourcefilename="LibraryLookupMarc21MappingException.java"><method name="&lt;init&gt;" desc="(Ljava/lang/Throwable;)V" line="13"><counter type="INSTRUCTION" missed="6" covered="0"/><counter type="LINE" missed="2" covered="0"/><counter type="COMPLEXITY" missed="1" covered="0"/><counter type="METHOD" missed="1" covered="0"/></method><counter type="INSTRUCTION" missed="6" covered="0"/><counter type="LINE" missed="2" covered="0"/><counter type="COMPLEXITY" missed="1" covered="0"/><counter type="METHOD" missed="1" covered="0"/><counter type="CLASS" missed="1" covered="0"/></class><class name="de/kaiserpfalzedv/services/dnb/marcxml/MarcConverter" sourcefilename="MarcConverter.java"><method name="&lt;clinit&gt;" desc="()V" line="63"><counter type="INSTRUCTION" missed="0" covered="4"/><counter type="LINE" missed="0" covered="1"/><counter type="COMPLEXITY" missed="0" covered="1"/><counter type="METHOD" missed="0" covered="1"/></method><method name="convert" desc="(Lde/kaiserpfalzedv/services/dnb/marcxml/model/SearchRetrieveResponse;)Ljava/util/List;" line="69"><counter type="INSTRUCTION" missed="0" covered="17"/><counter type="LINE" missed="0" covered="5"/><counter type="COMPLEXITY" missed="0" covered="1"/><counter type="METHOD" missed="0" covered="1"/></method><method name="mapRecordToBook" desc="(Lde/kaiserpfalzedv/services/dnb/marcxml/model/Record;)Lde/kaiserpfalzedv/services/dnb/model/Book;" line="78"><counter type="INSTRUCTION" missed="0" covered="185"/><counter type="BRANCH" missed="0" covered="10"/><counter type="LINE" missed="0" covered="31"/><counter type="COMPLEXITY" missed="0" covered="9"/><counter type="METHOD" missed="0" covered="1"/></method><method name="getSubField" desc="(Lde/kaiserpfalzedv/services/dnb/marcxml/model/DataField;Ljava/lang/String;)Ljava/lang/String;" line="137"><counter type="INSTRUCTION" missed="2" covered="19"/><counter type="BRANCH" missed="1" covered="1"/><counter type="LINE" missed="1" covered="6"/><counter type="COMPLEXITY" missed="1" covered="1"/><counter type="METHOD" missed="0" covered="1"/></method><method name="retrieveSubField" desc="(Lde/kaiserpfalzedv/services/dnb/marcxml/model/SubField;Ljava/lang/String;)Ljava/lang/String;" line="150"><counter type="INSTRUCTION" missed="0" covered="10"/><counter type="BRANCH" missed="0" covered="2"/><counter type="LINE" missed="0" covered="3"/><counter type="COMPLEXITY" missed="0" covered="2"/><counter type="METHOD" missed="0" covered="1"/></method><method name="convert" desc="(Ljava/io/InputStream;)Ljava/util/List;" line="160"><counter type="INSTRUCTION" missed="6" covered="9"/><counter type="LINE" missed="2" covered="1"/><counter type="COMPLEXITY" missed="0" covered="1"/><counter type="METHOD" missed="0" covered="1"/></method><method name="convertXml" desc="(Ljava/util/List;)Ljava/io/InputStream;" line="168"><counter type="INSTRUCTION" missed="13" covered="0"/><counter type="LINE" missed="3" covered="0"/><counter type="COMPLEXITY" missed="1" covered="0"/><counter type="METHOD" missed="1" covered="0"/></method><method name="convert" desc="(Ljava/util/List;)Ljava/io/InputStream;" line="176"><counter type="INSTRUCTION" missed="16" covered="0"/><counter type="LINE" missed="3" covered="0"/><counter type="COMPLEXITY" missed="1" covered="0"/><counter type="METHOD" missed="1" covered="0"/></method><method name="lambda$1" desc="(Ljava/lang/String;)Z" line="130"><counter type="INSTRUCTION" missed="2" covered="5"/><counter type="BRANCH" missed="1" covered="1"/><counter type="LINE" missed="0" covered="1"/><counter type="COMPLEXITY" missed="1" covered="1"/><counter type="METHOD" missed="0" covered="1"/></method><method name="lambda$2" desc="(Ljava/lang/String;)Z" line="131"><counter type="INSTRUCTION" missed="2" covered="5"/><counter type="BRANCH" missed="1" covered="1"/><counter type="LINE" missed="0" covered="1"/><counter type="COMPLEXITY" missed="1" covered="1"/><counter type="METHOD" missed="0" covered="1"/></method><method name="lambda$3" desc="(Ljava/lang/String;Lde/kaiserpfalzedv/services/dnb/marcxml/model/SubField;)Ljava/lang/String;" line="138"><counter type="INSTRUCTION" missed="0" covered="5"/><counter type="LINE" missed="0" covered="1"/><counter type="COMPLEXITY" missed="0" covered="1"/><counter type="METHOD" missed="0" covered="1"/></method><method name="lambda$4" desc="(Ljava/lang/String;)Z" line="139"><counter type="INSTRUCTION" missed="0" covered="7"/><counter type="BRANCH" missed="0" covered="2"/><counter type="LINE" missed="0" covered="1"/><counter type="COMPLEXITY" missed="0" covered="2"/><counter type="METHOD" missed="0" covered="1"/></method><counter type="INSTRUCTION" missed="41" covered="266"/><counter type="BRANCH" missed="3" covered="17"/><counter type="LINE" missed="9" covered="47"/><counter type="COMPLEXITY" missed="5" covered="20"/><counter type="METHOD" missed="2" covered="10"/><counter type="CLASS" missed="0" covered="1"/></class><sourcefile name="MarcConverter.java"><line nr="63" mi="0" ci="4" mb="0" cb="0"/><line nr="69" mi="0" ci="3" mb="0" cb="0"/><line nr="70" mi="0" ci="6" mb="0" cb="0"/><line nr="72" mi="0" ci="4" mb="0" cb="0"/><line nr="73" mi="0" ci="3" mb="0" cb="0"/><line nr="74" mi="0" ci="1" mb="0" cb="0"/><line nr="78" mi="0" ci="2" mb="0" cb="0"/><line nr="80" mi="0" ci="7" mb="0" cb="0"/><line nr="81" mi="0" ci="16" mb="0" cb="0"/><line nr="82" mi="0" ci="5" mb="0" cb="0"/><line nr="84" mi="0" ci="5" mb="0" cb="0"/><line nr="86" mi="0" ci="4" mb="0" cb="0"/><line nr="87" mi="0" ci="4" mb="0" cb="0"/><line nr="88" mi="0" ci="11" mb="0" cb="2"/><line nr="89" mi="0" ci="7" mb="0" cb="0"/><line nr="90" mi="0" ci="18" mb="0" cb="0"/><line nr="92" mi="0" ci="6" mb="0" cb="8"/><line nr="94" mi="0" ci="7" mb="0" cb="0"/><line nr="95" mi="0" ci="1" mb="0" cb="0"/><line nr="98" mi="0" ci="7" mb="0" cb="0"/><line nr="99" mi="0" ci="7" mb="0" cb="0"/><line nr="100" mi="0" ci="1" mb="0" cb="0"/><line nr="103" mi="0" ci="7" mb="0" cb="0"/><line nr="104" mi="0" ci="7" mb="0" cb="0"/><line nr="105" mi="0" ci="1" mb="0" cb="0"/><line nr="108" mi="0" ci="7" mb="0" cb="0"/><line nr="109" mi="0" ci="1" mb="0" cb="0"/><line nr="113" mi="0" ci="7" mb="0" cb="0"/><line nr="114" mi="0" ci="1" mb="0" cb="0"/><line nr="117" mi="0" ci="7" mb="0" cb="0"/><line nr="118" mi="0" ci="1" mb="0" cb="0"/><line nr="121" mi="0" ci="7" mb="0" cb="0"/><line nr="122" mi="0" ci="7" mb="0" cb="0"/><line nr="123" mi="0" ci="1" mb="0" cb="0"/><line nr="130" mi="2" ci="15" mb="1" cb="1"/><line nr="131" mi="2" ci="15" mb="1" cb="1"/><line nr="133" mi="0" ci="3" mb="0" cb="0"/><line nr="137" mi="0" ci="4" mb="0" cb="0"/><line nr="138" mi="0" ci="9" mb="0" cb="0"/><line nr="139" mi="0" ci="9" mb="0" cb="2"/><line nr="140" mi="0" ci="1" mb="0" cb="0"/><line nr="142" mi="0" ci="3" mb="1" cb="1"/><line nr="143" mi="0" ci="5" mb="0" cb="0"/><line nr="146" mi="2" ci="0" mb="0" cb="0"/><line nr="150" mi="0" ci="5" mb="0" cb="2"/><line nr="151" mi="0" ci="3" mb="0" cb="0"/><line nr="154" mi="0" ci="2" mb="0" cb="0"/><line nr="160" mi="0" ci="9" mb="0" cb="0"/><line nr="161" mi="1" ci="0" mb="0" cb="0"/><line nr="162" mi="5" ci="0" mb="0" cb="0"/><line nr="168" mi="7" ci="0" mb="0" cb="0"/><line nr="169" mi="1" ci="0" mb="0" cb="0"/><line nr="170" mi="5" ci="0" mb="0" cb="0"/><line nr="176" mi="10" ci="0" mb="0" cb="0"/><line nr="177" mi="1" ci="0" mb="0" cb="0"/><line nr="178" mi="5" ci="0" mb="0" cb="0"/><counter type="INSTRUCTION" missed="41" covered="266"/><counter type="BRANCH" missed="3" covered="17"/><counter type="LINE" missed="9" covered="47"/><counter type="COMPLEXITY" missed="5" covered="20"/><counter type="METHOD" missed="2" covered="10"/><counter type="CLASS" missed="0" covered="1"/></sourcefile><sourcefile name="LibraryLookupMarc21MappingException.java"><line nr="13" mi="5" ci="0" mb="0" cb="0"/><line nr="14" mi="1" ci="0" mb="0" cb="0"/><counter type="INSTRUCTION" missed="6" covered="0"/><counter type="LINE" missed="2" covered="0"/><counter type="COMPLEXITY" missed="1" covered="0"/><counter type="METHOD" missed="1" covered="0"/><counter type="CLASS" missed="1" covered="0"/></sourcefile><counter type="INSTRUCTION" missed="47" covered="266"/><counter type="BRANCH" missed="3" covered="17"/><counter type="LINE" missed="11" covered="47"/><counter type="COMPLEXITY" missed="6" covered="20"/><counter type="METHOD" missed="3" covered="10"/><counter type="CLASS" missed="1" covered="1"/></package><package name="de/kaiserpfalzedv/services/dnb/client"><class name="de/kaiserpfalzedv/services/dnb/client/Marc21Decoder" sourcefilename="Marc21Decoder.java"><method name="decode" desc="(Lfeign/Response;Ljava/lang/reflect/Type;)Ljava/lang/Object;" line="49"><counter type="INSTRUCTION" missed="0" covered="7"/><counter type="LINE" missed="0" covered="1"/><counter type="COMPLEXITY" missed="0" covered="1"/><counter type="METHOD" missed="0" covered="1"/></method><counter type="INSTRUCTION" missed="0" covered="7"/><counter type="LINE" missed="0" covered="1"/><counter type="COMPLEXITY" missed="0" covered="1"/><counter type="METHOD" missed="0" covered="1"/><counter type="CLASS" missed="0" covered="1"/></class><class name="de/kaiserpfalzedv/services/dnb/client/DnbLookupClientConfig" sourcefilename="DnbLookupClientConfig.java"><method name="&lt;init&gt;" desc="()V" line="36"><counter type="INSTRUCTION" missed="0" covered="3"/><counter type="LINE" missed="0" covered="1"/><counter type="COMPLEXITY" missed="0" covered="1"/><counter type="METHOD" missed="0" covered="1"/></method><method name="dnbDefaultParamters" desc="()Lfeign/RequestInterceptor;" line="44"><counter type="INSTRUCTION" missed="0" covered="2"/><counter type="LINE" missed="0" covered="1"/><counter type="COMPLEXITY" missed="0" covered="1"/><counter type="METHOD" missed="0" covered="1"/></method><method name="dnbDecoder" desc="()Lorg/springframework/cloud/openfeign/support/ResponseEntityDecoder;" line="53"><counter type="INSTRUCTION" missed="0" covered="13"/><counter type="LINE" missed="0" covered="1"/><counter type="COMPLEXITY" missed="0" covered="1"/><counter type="METHOD" missed="0" covered="1"/></method><method name="logLevel" desc="()Lfeign/Logger$Level;" line="58"><counter type="INSTRUCTION" missed="0" covered="2"/><counter type="LINE" missed="0" covered="1"/><counter type="COMPLEXITY" missed="0" covered="1"/><counter type="METHOD" missed="0" covered="1"/></method><method name="lambda$0" desc="(Lfeign/RequestTemplate;)V" line="44"><counter type="INSTRUCTION" missed="0" covered="26"/><counter type="LINE" missed="0" covered="4"/><counter type="COMPLEXITY" missed="0" covered="1"/><counter type="METHOD" missed="0" covered="1"/></method><counter type="INSTRUCTION" missed="0" covered="46"/><counter type="LINE" missed="0" covered="7"/><counter type="COMPLEXITY" missed="0" covered="5"/><counter type="METHOD" missed="0" covered="5"/><counter type="CLASS" missed="0" covered="1"/></class><class name="de/kaiserpfalzedv/services/dnb/client/DnbLookupClient" sourcefilename="DnbLookupClient.java"/><sourcefile name="DnbLookupClientConfig.java"><line nr="36" mi="0" ci="3" mb="0" cb="0"/><line nr="44" mi="0" ci="3" mb="0" cb="0"/><line nr="45" mi="0" ci="8" mb="0" cb="0"/><line nr="46" mi="0" ci="8" mb="0" cb="0"/><line nr="47" mi="0" ci="9" mb="0" cb="0"/><line nr="53" mi="0" ci="13" mb="0" cb="0"/><line nr="58" mi="0" ci="2" mb="0" cb="0"/><counter type="INSTRUCTION" missed="0" covered="46"/><counter type="LINE" missed="0" covered="7"/><counter type="COMPLEXITY" missed="0" covered="5"/><counter type="METHOD" missed="0" covered="5"/><counter type="CLASS" missed="0" covered="1"/></sourcefile><sourcefile name="Marc21Decoder.java"><line nr="49" mi="0" ci="7" mb="0" cb="0"/><counter type="INSTRUCTION" missed="0" covered="7"/><counter type="LINE" missed="0" covered="1"/><counter type="COMPLEXITY" missed="0" covered="1"/><counter type="METHOD" missed="0" covered="1"/><counter type="CLASS" missed="0" covered="1"/></sourcefile><sourcefile name="DnbLookupClient.java"/><counter type="INSTRUCTION" missed="0" covered="53"/><counter type="LINE" missed="0" covered="8"/><counter type="COMPLEXITY" missed="0" covered="6"/><counter type="METHOD" missed="0" covered="6"/><counter type="CLASS" missed="0" covered="2"/></package><package name="de/kaiserpfalzedv/services/dnb/model"><class name="de/kaiserpfalzedv/services/dnb/model/Book$BookBuilder" sourcefilename="Book.java"/><class name="de/kaiserpfalzedv/services/dnb/model/Book" sourcefilename="Book.java"/><class name="de/kaiserpfalzedv/services/dnb/model/LibraryLookupException" sourcefilename="LibraryLookupException.java"><method name="&lt;init&gt;" desc="(ILjava/lang/String;)V" line="34"><counter type="INSTRUCTION" missed="7" covered="0"/><counter type="LINE" missed="3" covered="0"/><counter type="COMPLEXITY" missed="1" covered="0"/><counter type="METHOD" missed="1" covered="0"/></method><counter type="INSTRUCTION" missed="7" covered="0"/><counter type="LINE" missed="3" covered="0"/><counter type="COMPLEXITY" missed="1" covered="0"/><counter type="METHOD" missed="1" covered="0"/><counter type="CLASS" missed="1" covered="0"/></class><class name="de/kaiserpfalzedv/services/dnb/model/Book$BookBuilderImpl" sourcefilename="Book.java"/><sourcefile name="Book.java"/><sourcefile name="LibraryLookupException.java"><line nr="34" mi="3" ci="0" mb="0" cb="0"/><line nr="36" mi="3" ci="0" mb="0" cb="0"/><line nr="37" mi="1" ci="0" mb="0" cb="0"/><counter type="INSTRUCTION" missed="7" covered="0"/><counter type="LINE" missed="3" covered="0"/><counter type="COMPLEXITY" missed="1" covered="0"/><counter type="METHOD" missed="1" covered="0"/><counter type="CLASS" missed="1" covered="0"/></sourcefile><counter type="INSTRUCTION" missed="7" covered="0"/><counter type="LINE" missed="3" covered="0"/><counter type="COMPLEXITY" missed="1" covered="0"/><counter type="METHOD" missed="1" covered="0"/><counter type="CLASS" missed="1" covered="0"/></package><counter type="INSTRUCTION" missed="54" covered="319"/><counter type="BRANCH" missed="3" covered="17"/><counter type="LINE" missed="14" covered="55"/><counter type="COMPLEXITY" missed="7" covered="26"/><counter type="METHOD" missed="4" covered="16"/><counter type="CLASS" missed="2" covered="3"/></report>